c:\users\media markt\documents\visual studio 2015\projects\realtimemanipulationsoftware\realtimemanipulationsoftware\x64\debug\vc140.pdb
c:\users\media markt\documents\visual studio 2015\projects\realtimemanipulationsoftware\realtimemanipulationsoftware\x64\debug\qrc_realtimemanipulationsoftware.obj
c:\users\media markt\documents\visual studio 2015\projects\realtimemanipulationsoftware\realtimemanipulationsoftware\x64\debug\main.obj
c:\users\media markt\documents\visual studio 2015\projects\realtimemanipulationsoftware\realtimemanipulationsoftware\x64\debug\realtimemanipulationsoftware.obj
c:\users\media markt\documents\visual studio 2015\projects\realtimemanipulationsoftware\realtimemanipulationsoftware\x64\debug\player.obj
c:\users\media markt\documents\visual studio 2015\projects\realtimemanipulationsoftware\realtimemanipulationsoftware\x64\debug\hist2.obj
c:\users\media markt\documents\visual studio 2015\projects\realtimemanipulationsoftware\realtimemanipulationsoftware\x64\debug\moc_hist2.obj
c:\users\media markt\documents\visual studio 2015\projects\realtimemanipulationsoftware\realtimemanipulationsoftware\x64\debug\moc_realtimemanipulationsoftware.obj
c:\users\media markt\documents\visual studio 2015\projects\realtimemanipulationsoftware\realtimemanipulationsoftware\x64\debug\hist1.obj
c:\users\media markt\documents\visual studio 2015\projects\realtimemanipulationsoftware\realtimemanipulationsoftware\x64\debug\moc_hist1.obj
c:\users\media markt\documents\visual studio 2015\projects\realtimemanipulationsoftware\realtimemanipulationsoftware\x64\debug\moc_player.obj
c:\users\media markt\documents\visual studio 2015\projects\realtimemanipulationsoftware\realtimemanipulationsoftware\x64\debug\aux_functions.obj
c:\users\media markt\documents\visual studio 2015\projects\realtimemanipulationsoftware\realtimemanipulationsoftware\generatedfiles\qrc_realtimemanipulationsoftware.cpp
c:\users\media markt\documents\visual studio 2015\projects\realtimemanipulationsoftware\realtimemanipulationsoftware\generatedfiles\ui_hist1.h
c:\users\media markt\documents\visual studio 2015\projects\realtimemanipulationsoftware\realtimemanipulationsoftware\generatedfiles\ui_hist2.h
c:\users\media markt\documents\visual studio 2015\projects\realtimemanipulationsoftware\realtimemanipulationsoftware\generatedfiles\debug\moc_player.cpp
c:\users\media markt\documents\visual studio 2015\projects\realtimemanipulationsoftware\realtimemanipulationsoftware\generatedfiles\debug\moc_realtimemanipulationsoftware.cpp
c:\users\media markt\documents\visual studio 2015\projects\realtimemanipulationsoftware\realtimemanipulationsoftware\generatedfiles\ui_realtimemanipulationsoftware.h
c:\users\media markt\documents\visual studio 2015\projects\realtimemanipulationsoftware\x64\debug\realtimemanipulationsoftware.ilk
c:\users\media markt\documents\visual studio 2015\projects\realtimemanipulationsoftware\x64\debug\realtimemanipulationsoftware.exe
c:\users\media markt\documents\visual studio 2015\projects\realtimemanipulationsoftware\x64\debug\realtimemanipulationsoftware.pdb
c:\users\media markt\documents\visual studio 2015\projects\realtimemanipulationsoftware\realtimemanipulationsoftware\x64\debug\realtime.b12702ad.tlog\cl.command.1.tlog
c:\users\media markt\documents\visual studio 2015\projects\realtimemanipulationsoftware\realtimemanipulationsoftware\x64\debug\realtime.b12702ad.tlog\cl.read.1.tlog
c:\users\media markt\documents\visual studio 2015\projects\realtimemanipulationsoftware\realtimemanipulationsoftware\x64\debug\realtime.b12702ad.tlog\cl.write.1.tlog
c:\users\media markt\documents\visual studio 2015\projects\realtimemanipulationsoftware\realtimemanipulationsoftware\x64\debug\realtime.b12702ad.tlog\custombuild.command.1.tlog
c:\users\media markt\documents\visual studio 2015\projects\realtimemanipulationsoftware\realtimemanipulationsoftware\x64\debug\realtime.b12702ad.tlog\custombuild.read.1.tlog
c:\users\media markt\documents\visual studio 2015\projects\realtimemanipulationsoftware\realtimemanipulationsoftware\x64\debug\realtime.b12702ad.tlog\custombuild.write.1.tlog
c:\users\media markt\documents\visual studio 2015\projects\realtimemanipulationsoftware\realtimemanipulationsoftware\x64\debug\realtime.b12702ad.tlog\link.command.1.tlog
c:\users\media markt\documents\visual studio 2015\projects\realtimemanipulationsoftware\realtimemanipulationsoftware\x64\debug\realtime.b12702ad.tlog\link.read.1.tlog
c:\users\media markt\documents\visual studio 2015\projects\realtimemanipulationsoftware\realtimemanipulationsoftware\x64\debug\realtime.b12702ad.tlog\link.write.1.tlog
